0 0
1 0
2 0
3 0
4 0
5 0
6 0
7 0
8 0
9 0
10 0
11 0
12 0
13 0
14 0
15 0
16 0
17 0
18 0
19 0
20 0
21 0
22 0
23 0
24 0
25 0
26 0
27 0
28 0
29 0
30 0
31 0
32 0
33 0
34 0
35 0
36 0
37 0
38 0
39 0
40 0
41 0
42 0
43 0
44 0
45 0
46 0
47 0
48 -80
49 -80
50 -65
51 -80
52 -80
53 -65
54 -60
55 -55
56 -60
57 -55
58 -40
59 -40
60 -50
61 -50
62 -65
63 -60
64 -80
65 -80
66 -65
67 -65
68 -75
69 -75
70 -65
71 -70
72 -70
73 -60
74 -70
75 -75
76 -75
77 -70
78 -75
79 -70
80 -65
81 -70
82 -75
83 -75
84 -70
85 -75
86 -70
87 -70
88 -70
89 -70
90 -75
91 -85
92 -80
93 -80
94 -85
95 -75
96 -80
97 -80
98 -75
99 -70
100 -80
101 -85
102 -60
103 -70
104 -70
105 -65
106 -70
107 -70
108 -85
109 -85
110 -85
111 -85
112 -80
113 -85
114 -85
115 -75
116 -75
117 -75
118 -80
119 -85
120 -85
121 -80
122 -80
123 -75
124 -85
125 -85
126 -85
127 -85
128 -90
129 0
130 0
131 0
132 0
133 0
134 0
135 0
136 0
137 0
138 0
139 0
140 0
141 0
142 0
143 0
144 -85
145 -85
146 -80
147 -80
148 -80
149 -95
150 -95
151 -80
152 -85
153 -90
154 -90
155 -95
156 -105
157 -105
158 -90
159 -65
160 -70
161 -80
162 -80
163 -75
164 -80
165 -80
166 -80
167 -80
168 -80
169 -75
170 -75
171 -85
172 -90
173 -90
174 -90
175 -90
176 -90
177 -85
178 -75
179 -65
180 -75
181 -80
182 -85
183 -85
184 -85
185 -90
186 -90
187 -90
188 -100
189 -90
190 -85
191 -95
192 -95
193 -85
194 -80
195 -80
196 -80
197 -80
198 -75
199 -80
200 -80
201 -85
202 -85
203 -90
204 -90
205 -90
206 -90
207 -80
208 -100
209 -100
210 -70
211 -85
212 -85
213 -75
214 -75
215 -75
216 -80
217 -80
218 -85
219 -90
220 -80
221 -80
222 -75
223 -80
224 -80
225 0
226 0
227 0
228 -60
229 -65
230 -65
231 0
232 0
233 0
234 0
235 0
236 0
237 0
238 0
239 0
240 0
241 0
242 0
243 0
244 0
245 0
246 0
247 0
248 0
249 0
250 0
251 0
252 0
253 0
254 0
255 0
256 0
257 0
258 0
259 0
260 0
261 0
262 0
263 0
264 0
265 0
266 0
267 0
268 0
269 0
270 0
271 0
272 0
273 0
274 0
275 0
276 0
277 0
278 -55
279 -50
280 -50
281 -45
282 -35
283 -50
284 -60
285 -60
286 -50
287 -65
288 -65
289 -65
290 -60
291 -60
292 -60
293 -60
294 -60
295 -60
296 -65
297 -65
298 -70
299 -70
300 -65
301 -65
302 -65
303 -80
304 -80
305 -65
306 -65
307 -60
308 -55
309 -55
310 -60
311 -65
312 -75
313 -75
314 -65
315 -65
316 -80
317 -80
318 -75
319 -80
320 -80
321 -65
322 -60
323 -70
324 -70
325 -65
326 -65
327 -65
328 -65
329 -65
330 -65
331 -75
332 -80
333 -75
334 -80
335 -80
336 -75
337 -60
338 -65
339 -65
340 -70
341 -70
342 -70
343 -70
344 -70
345 -70
346 -75
347 -75
348 -80
349 -85
350 -80
351 -75
352 -70
353 -70
354 -65
355 -70
356 -70
357 -70
358 -70
359 -70
360 -75
361 -75
362 -70
363 -75
364 -75
365 -75
366 -75
367 -75
368 -75
369 -75
370 -70
371 -70
372 -75
373 -70
374 -55
375 -60
376 -70
377 -75
378 -70
379 -60
380 -75
381 -70
382 -85
383 -85
384 -65
385 0
386 0
387 0
388 0
389 0
390 0
391 0
392 0
393 0
394 0
395 0
396 0
397 0
398 0
399 0
400 -90
401 -90
402 -95
403 -90
404 -80
405 -80
406 -70
407 -85
408 -85
409 -85
410 -90
411 -110
412 -110
413 -85
414 -85
415 -65
416 -90
417 -85
418 -75
419 -75
420 -75
421 -75
422 -85
423 -70
424 -65
425 -70
426 -65
427 -50
428 -65
429 -75
430 -80
431 555
432 -95
433 -95
434 -95
435 -95
436 -95
437 -90
438 -90
439 -95
440 -95
441 -90
442 -90
443 -90
444 -95
445 -100
446 -100
447 -100
448 -100
449 -95
450 -95
451 -95
452 -95
453 -95
454 -90
455 -100
456 -100
457 -95
458 -100
459 -100
460 -100
461 -100
462 -110
463 -115
464 -100
465 -100
466 -100
467 -95
468 -95
469 -95
470 -90
471 -95
472 -90
473 -100
474 -105
475 -105
476 -110
477 -110
478 -100
479 -100
480 -95
481 -95
482 -100
483 -100
484 -105
485 -105
486 -100
487 -90
488 -95
489 -110
490 -115
491 -100
492 -105
493 -115
494 -115
495 -110
496 -110
497 -100
498 -95
499 -100
500 -105
501 -100
502 -100
503 -100
504 -100
505 -100
506 -110
507 -110
508 -110
509 -110
510 -105
511 -110
512 -110
513 0
514 0
515 0
516 0
517 0
518 0
519 0
520 0
521 0
522 0
523 0
524 0
525 0
526 0
527 0
528 -105
529 -105
530 -105
531 -105
532 -105
533 -105
534 -100
535 -90
536 -95
537 -100
538 -110
539 -110
540 -110
541 -110
542 -115
543 -115
544 -110
545 -100
546 -105
547 -105
548 -105
549 -110
550 -105
551 -100
552 -100
553 -105
554 -110
555 -110
556 -110
557 -115
558 -110
559 -110
560 -110
561 -110
562 -105
563 -110
564 -110
565 -110
566 -105
567 -100
568 -105
569 -105
570 -110
571 -115
572 -110
573 -120
574 -120
575 -115
576 -115
577 -110
578 -110
579 -115
580 -115
581 -100
582 -100
583 -105
584 -105
585 -115
586 -115
587 -115
588 -115
589 -120
590 -120
591 -115
592 -115
593 -100
594 -95
595 -95
596 -100
597 -100
598 -100
599 -105
600 -110
601 -105
602 -110
603 -115
604 -115
605 -115
606 -120
607 -130
608 -130
609 660
610 340
611 225
612 -80
613 -85
614 -90
615 -90
616 -85
617 -105
618 -105
619 -115
620 -120
621 -115
622 -120
623 -115
624 -110
625 0
626 0
627 0
628 0
629 0
630 0
631 0
632 0
633 0
634 0
635 0
636 0
637 0
638 0
639 0
640 0
641 0
642 0
643 0
644 0
645 0
646 0
647 0
648 0
649 0
650 0
651 0
652 0
653 0
654 0
655 0
656 0
657 -55
658 -55
659 -65
660 -65
661 -65
662 -65
663 -65
664 -70
665 -70
666 -80
667 -85
668 -85
669 -85
670 -90
671 -95
672 -95
673 -85
674 -85
675 -85
676 -85
677 -85
678 -90
679 -90
680 -90
681 -90
682 -100
683 -100
684 -95
685 -115
686 -105
687 -105
688 -95
689 -100
690 -100
691 -95
692 -90
693 -95
694 -95
695 -95
696 -100
697 -105
698 -100
699 -95
700 -95
701 -95
702 -100
703 -105
704 -115
705 -110
706 -95
707 -95
708 -95
709 -90
710 -95
711 -95
712 -95
713 -105
714 -105
715 -95
716 -105
717 -105
718 -105
719 -100
720 -100
721 -105
722 -100
723 -90
724 -105
725 -100
726 -85
727 -95
728 -100
729 -95
730 -95
731 -100
732 -100
733 -105
734 -100
735 -110
736 -110
737 -95
738 -95
739 -90
740 -95
741 -100
742 -95
743 -90
744 -95
745 -95
746 -95
747 -95
748 -100
749 -110
750 -110
751 -105
752 -105
753 -100
754 -100
755 -95
756 -90
757 -90
758 -100
759 -100
760 -100
761 -100
762 -95
763 -100
764 -110
765 -110
766 -110
767 -110
768 -110
769 0
770 0
771 0
772 0
773 0
774 0
775 0
776 0
777 0
778 0
779 0
780 0
781 0
782 0
783 0
784 -115
785 -115
786 -95
787 -105
788 -100
789 -90
790 -95
791 -100
792 -105
793 -105
794 -105
795 -100
796 -100
797 -100
798 -110
799 -110
800 -100
801 -95
802 -95
803 -85
804 -90
805 -90
806 -90
807 -95
808 -95
809 -100
810 -95
811 -95
812 -90
813 -90
814 -90
815 -90
816 0
817 0
818 0
819 0
820 0
821 0
822 0
823 0
824 0
825 0
826 0
827 0
828 0
829 0
830 0
831 0
832 0
833 0
834 0
835 0
836 0
837 0
838 0
839 0
840 0
841 0
842 0
843 0
844 0
845 0
846 0
847 0
848 0
849 0
850 0
851 0
852 0
853 0
854 0
855 0
856 0
857 0
858 0
859 0
860 0
861 0
862 0
863 0
864 0
865 0
866 0
867 0
868 0
869 0
870 0
871 0
872 0
873 0
874 0
875 0
876 0
877 0
878 0
879 0
880 0
881 0
882 0
883 0
884 0
885 0
886 0
887 0
888 0
889 0
890 0
891 0
892 0
893 0
894 0
895 0
896 0
897 0
898 0
899 0
